<?xml version="1.0" encoding="UTF-8"?>
<!-- Generated by org.testng.reporters.JUnitReportReporter -->
<testsuite hostname="Aishwarya" failures="0" tests="4" name="tests.Jira" time="6.683" errors="0" timestamp="2024-10-09T21:54:08 IST" skipped="0">
  <testcase classname="tests.Jira" name="deleteIssue" time="0.954"/>
  <testcase classname="tests.Jira" name="createIssue" time="2.957"/>
  <testcase classname="tests.Jira" name="addAttachment" time="1.836"/>
  <testcase classname="tests.Jira" name="getIssue" time="0.936"/>
</testsuite> <!-- tests.Jira -->
