<?xml version="1.0" encoding="UTF-8"?>
<!-- Generated by org.testng.reporters.JUnitReportReporter -->
<testsuite hostname="Aishwarya" failures="0" tests="1" name="tests.MockApiValiation" time="2.250" errors="0" timestamp="2024-10-08T03:08:01 IST" skipped="0">
  <testcase classname="tests.MockApiValiation" name="tests" time="2.250"/>
</testsuite> <!-- tests.MockApiValiation -->
