<?xml version="1.0" encoding="UTF-8"?>
<!-- Generated by org.testng.reporters.JUnitReportReporter -->
<testsuite hostname="Aishwarya" failures="0" tests="1" name="tests.MockApiValiation" time="1.603" errors="0" timestamp="2024-10-08T13:41:22 IST" skipped="0">
  <testcase classname="tests.MockApiValiation" name="tests" time="1.603"/>
</testsuite> <!-- tests.MockApiValiation -->
