<?xml version="1.0" encoding="UTF-8"?>
<!-- Generated by org.testng.reporters.JUnitReportReporter -->
<testsuite hostname="Aishwarya" failures="0" tests="3" name="tests.Basics" time="2.779" errors="0" timestamp="2024-10-08T02:12:32 IST" skipped="0">
  <testcase classname="tests.Basics" name="deleteBook" time="0.129"/>
  <testcase classname="tests.Basics" name="getBook" time="0.158"/>
  <testcase classname="tests.Basics" name="addBook" time="2.492"/>
</testsuite> <!-- tests.Basics -->
