<?xml version="1.0" encoding="UTF-8"?>
<!-- Generated by org.testng.reporters.JUnitReportReporter -->
<testsuite hostname="Aishwarya" failures="0" tests="1" name="tests.Reqres" time="1.469" errors="0" timestamp="2024-10-09T19:25:16 IST" skipped="0">
  <testcase classname="tests.Reqres" name="getListOfResources" time="1.469"/>
</testsuite> <!-- tests.Reqres -->
