<?xml version="1.0" encoding="UTF-8"?>
<!-- Generated by org.testng.reporters.JUnitReportReporter -->
<testsuite hostname="Aishwarya" failures="0" tests="10" name="tests.Library" time="9.691" errors="0" timestamp="2024-10-08T13:47:08 IST" skipped="0">
  <testcase classname="tests.Library" name="testE2E" time="2.749"/>
  <testcase classname="tests.Library" name="testE2E" time="0.592"/>
  <testcase classname="tests.Library" name="testE2E" time="0.645"/>
  <testcase classname="tests.Library" name="testE2E" time="1.840"/>
  <testcase classname="tests.Library" name="testE2E" time="0.667"/>
  <testcase classname="tests.Library" name="testE2E" time="0.569"/>
  <testcase classname="tests.Library" name="testE2E" time="0.620"/>
  <testcase classname="tests.Library" name="testE2E" time="0.675"/>
  <testcase classname="tests.Library" name="testE2E" time="0.594"/>
  <testcase classname="tests.Library" name="testE2E" time="0.740"/>
</testsuite> <!-- tests.Library -->
