<?xml version="1.0" encoding="UTF-8"?>
<!-- Generated by org.testng.reporters.JUnitReportReporter -->
<testsuite hostname="Aishwarya" failures="0" tests="1" name="tests.Basics" time="2.323" errors="0" timestamp="2024-10-08T01:40:16 IST" skipped="0">
  <testcase classname="tests.Basics" name="test" time="2.323"/>
</testsuite> <!-- tests.Basics -->
