<?xml version="1.0" encoding="UTF-8"?>
<!-- Generated by org.testng.reporters.JUnitReportReporter -->
<testsuite hostname="Aishwarya" failures="0" tests="10" name="tests.Library" time="8.274" errors="0" timestamp="2024-10-08T04:30:50 IST" skipped="0">
  <testcase classname="tests.Library" name="testE2E" time="0.502"/>
  <testcase classname="tests.Library" name="testE2E" time="0.477"/>
  <testcase classname="tests.Library" name="testE2E" time="0.511"/>
  <testcase classname="tests.Library" name="testE2E" time="2.690"/>
  <testcase classname="tests.Library" name="testE2E" time="1.219"/>
  <testcase classname="tests.Library" name="testE2E" time="0.558"/>
  <testcase classname="tests.Library" name="testE2E" time="0.808"/>
  <testcase classname="tests.Library" name="testE2E" time="0.457"/>
  <testcase classname="tests.Library" name="testE2E" time="0.460"/>
  <testcase classname="tests.Library" name="testE2E" time="0.592"/>
</testsuite> <!-- tests.Library -->
